2023-10-06 20:25:48,718 INFO o.s.b.StartupInfoLogger [main] Starting CrudOperationsApplication using Java 17.0.6 with PID 12316 (D:\interview\CRUDOperations\target\classes started by oliga in D:\interview\CRUDOperations)
2023-10-06 20:25:48,722 INFO o.s.b.SpringApplication [main] No active profile set, falling back to 1 default profile: "default"
2023-10-06 20:25:49,386 INFO o.s.d.r.c.RepositoryConfigurationDelegate [main] Bootstrapping Spring Data JPA repositories in DEFAULT mode.
2023-10-06 20:25:49,456 INFO o.s.d.r.c.RepositoryConfigurationDelegate [main] Finished Spring Data repository scanning in 57 ms. Found 2 JPA repository interfaces.
2023-10-06 20:25:50,342 INFO o.s.b.w.e.t.TomcatWebServer [main] Tomcat initialized with port(s): 8082 (http)
2023-10-06 20:25:50,352 INFO o.a.j.l.DirectJDKLog [main] Initializing ProtocolHandler ["http-nio-8082"]
2023-10-06 20:25:50,356 INFO o.a.j.l.DirectJDKLog [main] Starting service [Tomcat]
2023-10-06 20:25:50,357 INFO o.a.j.l.DirectJDKLog [main] Starting Servlet engine: [Apache Tomcat/10.1.12]
2023-10-06 20:25:50,466 INFO o.a.j.l.DirectJDKLog [main] Initializing Spring embedded WebApplicationContext
2023-10-06 20:25:50,468 INFO o.s.b.w.s.c.ServletWebServerApplicationContext [main] Root WebApplicationContext: initialization completed in 1690 ms
2023-10-06 20:25:50,786 INFO o.h.j.i.u.LogHelper [main] HHH000204: Processing PersistenceUnitInfo [name: default]
2023-10-06 20:25:50,893 INFO o.h.Version [main] HHH000412: Hibernate ORM core version 6.2.7.Final
2023-10-06 20:25:50,895 INFO o.h.c.Environment [main] HHH000406: Using bytecode reflection optimizer
2023-10-06 20:25:51,043 INFO o.h.b.i.BytecodeProviderInitiator [main] HHH000021: Bytecode provider name : bytebuddy
2023-10-06 20:25:51,158 INFO o.s.o.j.p.SpringPersistenceUnitInfo [main] No LoadTimeWeaver setup: ignoring JPA class transformer
2023-10-06 20:25:51,174 INFO c.z.h.HikariDataSource [main] employee - Starting...
2023-10-06 20:25:51,510 INFO c.z.h.p.HikariPool [main] employee - Added connection com.mysql.cj.jdbc.ConnectionImpl@4b5798c2
2023-10-06 20:25:51,513 INFO c.z.h.HikariDataSource [main] employee - Start completed.
2023-10-06 20:25:51,556 WARN o.h.e.j.d.i.DialectFactoryImpl [main] HHH90000026: MySQL8Dialect has been deprecated; use org.hibernate.dialect.MySQLDialect instead
2023-10-06 20:25:51,786 INFO o.h.b.i.BytecodeProviderInitiator [main] HHH000021: Bytecode provider name : bytebuddy
2023-10-06 20:25:52,280 INFO o.h.e.t.j.p.i.JtaPlatformInitiator [main] HHH000490: Using JtaPlatform implementation: [org.hibernate.engine.transaction.jta.platform.internal.NoJtaPlatform]
2023-10-06 20:25:52,338 INFO o.s.o.j.AbstractEntityManagerFactoryBean [main] Initialized JPA EntityManagerFactory for persistence unit 'default'
2023-10-06 20:25:52,984 WARN o.s.b.a.o.j.JpaBaseConfiguration$JpaWebConfiguration [main] spring.jpa.open-in-view is enabled by default. Therefore, database queries may be performed during view rendering. Explicitly configure spring.jpa.open-in-view to disable this warning
2023-10-06 20:25:53,520 INFO o.a.j.l.DirectJDKLog [main] Starting ProtocolHandler ["http-nio-8082"]
2023-10-06 20:25:53,555 INFO o.s.b.w.e.t.TomcatWebServer [main] Tomcat started on port(s): 8082 (http) with context path ''
2023-10-06 20:25:53,566 INFO o.s.b.StartupInfoLogger [main] Started CrudOperationsApplication in 5.203 seconds (process running for 5.989)
2023-10-06 20:25:58,659 INFO o.a.j.l.DirectJDKLog [http-nio-8082-exec-2] Initializing Spring DispatcherServlet 'dispatcherServlet'
2023-10-06 20:25:58,659 INFO o.s.w.s.FrameworkServlet [http-nio-8082-exec-2] Initializing Servlet 'dispatcherServlet'
2023-10-06 20:25:58,661 INFO o.s.w.s.FrameworkServlet [http-nio-8082-exec-2] Completed initialization in 1 ms
2023-10-06 20:25:58,783 INFO c.e.C.a.Logging [http-nio-8082-exec-2] //////////////////////////////////////////////////////////////////////////////////////////////////////
2023-10-06 20:25:58,784 INFO c.e.C.a.Logging [http-nio-8082-exec-2] ResponseEntity com.example.CRUDOperations.controller.EmpController.createEmp(Employee)Method execution Start
2023-10-06 20:25:58,785 INFO c.e.C.a.Logging [http-nio-8082-exec-2] //////////////////////////////////////////////////////////////////////////////////////////////////////
2023-10-06 20:25:58,786 INFO c.e.C.a.Logging [http-nio-8082-exec-2] Employee com.example.CRUDOperations.service.EmpService.addEmp(Employee)Method execution Start
2023-10-06 20:25:58,786 INFO c.e.C.a.Logging [http-nio-8082-exec-2] nulloccured
2023-10-06 20:25:58,787 INFO c.e.C.a.Logging [http-nio-8082-exec-2] Error Occuredoccured
2023-10-06 20:25:58,789 ERROR o.a.j.l.DirectJDKLog [http-nio-8082-exec-2] Servlet.service() for servlet [dispatcherServlet] in context with path [] threw exception [Request processing failed: java.lang.RuntimeException: Error Occured] with root cause
java.lang.RuntimeException: Error Occured
	at com.example.CRUDOperations.aop.Logging.globalLogging(Logging.java:86)
	at java.base/jdk.internal.reflect.NativeMethodAccessorImpl.invoke0(Native Method)
	at java.base/jdk.internal.reflect.NativeMethodAccessorImpl.invoke(NativeMethodAccessorImpl.java:77)
	at java.base/jdk.internal.reflect.DelegatingMethodAccessorImpl.invoke(DelegatingMethodAccessorImpl.java:43)
	at java.base/java.lang.reflect.Method.invoke(Method.java:568)
	at org.springframework.aop.aspectj.AbstractAspectJAdvice.invokeAdviceMethodWithGivenArgs(AbstractAspectJAdvice.java:637)
	at org.springframework.aop.aspectj.AbstractAspectJAdvice.invokeAdviceMethod(AbstractAspectJAdvice.java:627)
	at org.springframework.aop.aspectj.AspectJAroundAdvice.invoke(AspectJAroundAdvice.java:71)
	at org.springframework.aop.framework.ReflectiveMethodInvocation.proceed(ReflectiveMethodInvocation.java:184)
	at org.springframework.aop.framework.CglibAopProxy$CglibMethodInvocation.proceed(CglibAopProxy.java:756)
	at org.springframework.aop.interceptor.ExposeInvocationInterceptor.invoke(ExposeInvocationInterceptor.java:97)
	at org.springframework.aop.framework.ReflectiveMethodInvocation.proceed(ReflectiveMethodInvocation.java:184)
	at org.springframework.aop.framework.CglibAopProxy$CglibMethodInvocation.proceed(CglibAopProxy.java:756)
	at org.springframework.aop.framework.CglibAopProxy$DynamicAdvisedInterceptor.intercept(CglibAopProxy.java:708)
	at com.example.CRUDOperations.controller.EmpController$$SpringCGLIB$$0.createEmp(<generated>)
	at java.base/jdk.internal.reflect.NativeMethodAccessorImpl.invoke0(Native Method)
	at java.base/jdk.internal.reflect.NativeMethodAccessorImpl.invoke(NativeMethodAccessorImpl.java:77)
	at java.base/jdk.internal.reflect.DelegatingMethodAccessorImpl.invoke(DelegatingMethodAccessorImpl.java:43)
	at java.base/java.lang.reflect.Method.invoke(Method.java:568)
	at org.springframework.web.method.support.InvocableHandlerMethod.doInvoke(InvocableHandlerMethod.java:205)
	at org.springframework.web.method.support.InvocableHandlerMethod.invokeForRequest(InvocableHandlerMethod.java:150)
	at org.springframework.web.servlet.mvc.method.annotation.ServletInvocableHandlerMethod.invokeAndHandle(ServletInvocableHandlerMethod.java:118)
	at org.springframework.web.servlet.mvc.method.annotation.RequestMappingHandlerAdapter.invokeHandlerMethod(RequestMappingHandlerAdapter.java:884)
	at org.springframework.web.servlet.mvc.method.annotation.RequestMappingHandlerAdapter.handleInternal(RequestMappingHandlerAdapter.java:797)
	at org.springframework.web.servlet.mvc.method.AbstractHandlerMethodAdapter.handle(AbstractHandlerMethodAdapter.java:87)
	at org.springframework.web.servlet.DispatcherServlet.doDispatch(DispatcherServlet.java:1081)
	at org.springframework.web.servlet.DispatcherServlet.doService(DispatcherServlet.java:974)
	at org.springframework.web.servlet.FrameworkServlet.processRequest(FrameworkServlet.java:1011)
	at org.springframework.web.servlet.FrameworkServlet.doPost(FrameworkServlet.java:914)
	at jakarta.servlet.http.HttpServlet.service(HttpServlet.java:590)
	at org.springframework.web.servlet.FrameworkServlet.service(FrameworkServlet.java:885)
	at jakarta.servlet.http.HttpServlet.service(HttpServlet.java:658)
	at org.apache.catalina.core.ApplicationFilterChain.internalDoFilter(ApplicationFilterChain.java:205)
	at org.apache.catalina.core.ApplicationFilterChain.doFilter(ApplicationFilterChain.java:149)
	at org.apache.tomcat.websocket.server.WsFilter.doFilter(WsFilter.java:51)
	at org.apache.catalina.core.ApplicationFilterChain.internalDoFilter(ApplicationFilterChain.java:174)
	at org.apache.catalina.core.ApplicationFilterChain.doFilter(ApplicationFilterChain.java:149)
	at org.springframework.web.filter.RequestContextFilter.doFilterInternal(RequestContextFilter.java:100)
	at org.springframework.web.filter.OncePerRequestFilter.doFilter(OncePerRequestFilter.java:116)
	at org.apache.catalina.core.ApplicationFilterChain.internalDoFilter(ApplicationFilterChain.java:174)
	at org.apache.catalina.core.ApplicationFilterChain.doFilter(ApplicationFilterChain.java:149)
	at org.springframework.web.filter.FormContentFilter.doFilterInternal(FormContentFilter.java:93)
	at org.springframework.web.filter.OncePerRequestFilter.doFilter(OncePerRequestFilter.java:116)
	at org.apache.catalina.core.ApplicationFilterChain.internalDoFilter(ApplicationFilterChain.java:174)
	at org.apache.catalina.core.ApplicationFilterChain.doFilter(ApplicationFilterChain.java:149)
	at org.springframework.web.filter.CharacterEncodingFilter.doFilterInternal(CharacterEncodingFilter.java:201)
	at org.springframework.web.filter.OncePerRequestFilter.doFilter(OncePerRequestFilter.java:116)
	at org.apache.catalina.core.ApplicationFilterChain.internalDoFilter(ApplicationFilterChain.java:174)
	at org.apache.catalina.core.ApplicationFilterChain.doFilter(ApplicationFilterChain.java:149)
	at org.apache.catalina.core.StandardWrapperValve.invoke(StandardWrapperValve.java:166)
	at org.apache.catalina.core.StandardContextValve.invoke(StandardContextValve.java:90)
	at org.apache.catalina.authenticator.AuthenticatorBase.invoke(AuthenticatorBase.java:482)
	at org.apache.catalina.core.StandardHostValve.invoke(StandardHostValve.java:115)
	at org.apache.catalina.valves.ErrorReportValve.invoke(ErrorReportValve.java:93)
	at org.apache.catalina.core.StandardEngineValve.invoke(StandardEngineValve.java:74)
	at org.apache.catalina.connector.CoyoteAdapter.service(CoyoteAdapter.java:341)
	at org.apache.coyote.http11.Http11Processor.service(Http11Processor.java:391)
	at org.apache.coyote.AbstractProcessorLight.process(AbstractProcessorLight.java:63)
	at org.apache.coyote.AbstractProtocol$ConnectionHandler.process(AbstractProtocol.java:894)
	at org.apache.tomcat.util.net.NioEndpoint$SocketProcessor.doRun(NioEndpoint.java:1740)
	at org.apache.tomcat.util.net.SocketProcessorBase.run(SocketProcessorBase.java:52)
	at org.apache.tomcat.util.threads.ThreadPoolExecutor.runWorker(ThreadPoolExecutor.java:1191)
	at org.apache.tomcat.util.threads.ThreadPoolExecutor$Worker.run(ThreadPoolExecutor.java:659)
	at org.apache.tomcat.util.threads.TaskThread$WrappingRunnable.run(TaskThread.java:61)
	at java.base/java.lang.Thread.run(Thread.java:833)
2023-10-06 20:26:48,359 INFO c.e.C.a.Logging [http-nio-8082-exec-4] //////////////////////////////////////////////////////////////////////////////////////////////////////
2023-10-06 20:26:48,360 INFO c.e.C.a.Logging [http-nio-8082-exec-4] ResponseEntity com.example.CRUDOperations.controller.EmpController.createEmp(Employee)Method execution Start
2023-10-06 20:26:48,360 INFO c.e.C.a.Logging [http-nio-8082-exec-4] //////////////////////////////////////////////////////////////////////////////////////////////////////
2023-10-06 20:26:48,360 INFO c.e.C.a.Logging [http-nio-8082-exec-4] Employee com.example.CRUDOperations.service.EmpService.addEmp(Employee)Method execution Start
2023-10-06 20:26:48,363 INFO c.e.C.a.Logging [http-nio-8082-exec-4] //////////////////////////////////////////////////////////////////////////////////////////////////////
2023-10-06 20:26:48,364 INFO c.e.C.a.Logging [http-nio-8082-exec-4] Object org.springframework.data.repository.CrudRepository.save(Object)Method execution Start
2023-10-06 20:26:48,408 INFO c.e.C.a.Logging [http-nio-8082-exec-4] Time Took to execute Object org.springframework.data.repository.CrudRepository.save(Object)method is : 43
2023-10-06 20:26:48,408 INFO c.e.C.a.Logging [http-nio-8082-exec-4] Method execution end
2023-10-06 20:26:48,408 INFO c.e.C.a.Logging [http-nio-8082-exec-4] Time Took to execute Employee com.example.CRUDOperations.service.EmpService.addEmp(Employee)method is : 48
2023-10-06 20:26:48,409 INFO c.e.C.a.Logging [http-nio-8082-exec-4] Method execution end
2023-10-06 20:26:48,409 INFO c.e.C.a.Logging [http-nio-8082-exec-4] Time Took to execute ResponseEntity com.example.CRUDOperations.controller.EmpController.createEmp(Employee)method is : 49
2023-10-06 20:26:48,409 INFO c.e.C.a.Logging [http-nio-8082-exec-4] Method execution end
2023-10-06 20:27:21,130 INFO o.s.o.j.AbstractEntityManagerFactoryBean [SpringApplicationShutdownHook] Closing JPA EntityManagerFactory for persistence unit 'default'
2023-10-06 20:27:21,132 INFO c.z.h.HikariDataSource [SpringApplicationShutdownHook] employee - Shutdown initiated...
2023-10-06 20:27:21,138 INFO c.z.h.HikariDataSource [SpringApplicationShutdownHook] employee - Shutdown completed.
2023-10-06 20:27:24,178 INFO o.s.b.StartupInfoLogger [main] Starting CrudOperationsApplication using Java 17.0.6 with PID 7264 (D:\interview\CRUDOperations\target\classes started by oliga in D:\interview\CRUDOperations)
2023-10-06 20:27:24,181 INFO o.s.b.SpringApplication [main] No active profile set, falling back to 1 default profile: "default"
2023-10-06 20:27:24,711 INFO o.s.d.r.c.RepositoryConfigurationDelegate [main] Bootstrapping Spring Data JPA repositories in DEFAULT mode.
2023-10-06 20:27:24,773 INFO o.s.d.r.c.RepositoryConfigurationDelegate [main] Finished Spring Data repository scanning in 55 ms. Found 2 JPA repository interfaces.
2023-10-06 20:27:25,479 INFO o.s.b.w.e.t.TomcatWebServer [main] Tomcat initialized with port(s): 8082 (http)
2023-10-06 20:27:25,486 INFO o.a.j.l.DirectJDKLog [main] Initializing ProtocolHandler ["http-nio-8082"]
2023-10-06 20:27:25,489 INFO o.a.j.l.DirectJDKLog [main] Starting service [Tomcat]
2023-10-06 20:27:25,489 INFO o.a.j.l.DirectJDKLog [main] Starting Servlet engine: [Apache Tomcat/10.1.12]
2023-10-06 20:27:25,586 INFO o.a.j.l.DirectJDKLog [main] Initializing Spring embedded WebApplicationContext
2023-10-06 20:27:25,588 INFO o.s.b.w.s.c.ServletWebServerApplicationContext [main] Root WebApplicationContext: initialization completed in 1364 ms
2023-10-06 20:27:25,887 INFO o.h.j.i.u.LogHelper [main] HHH000204: Processing PersistenceUnitInfo [name: default]
2023-10-06 20:27:25,980 INFO o.h.Version [main] HHH000412: Hibernate ORM core version 6.2.7.Final
2023-10-06 20:27:25,982 INFO o.h.c.Environment [main] HHH000406: Using bytecode reflection optimizer
2023-10-06 20:27:26,106 INFO o.h.b.i.BytecodeProviderInitiator [main] HHH000021: Bytecode provider name : bytebuddy
2023-10-06 20:27:26,204 INFO o.s.o.j.p.SpringPersistenceUnitInfo [main] No LoadTimeWeaver setup: ignoring JPA class transformer
2023-10-06 20:27:26,219 INFO c.z.h.HikariDataSource [main] employee - Starting...
2023-10-06 20:27:26,468 INFO c.z.h.p.HikariPool [main] employee - Added connection com.mysql.cj.jdbc.ConnectionImpl@4b5798c2
2023-10-06 20:27:26,470 INFO c.z.h.HikariDataSource [main] employee - Start completed.
2023-10-06 20:27:26,508 WARN o.h.e.j.d.i.DialectFactoryImpl [main] HHH90000026: MySQL8Dialect has been deprecated; use org.hibernate.dialect.MySQLDialect instead
2023-10-06 20:27:26,693 INFO o.h.b.i.BytecodeProviderInitiator [main] HHH000021: Bytecode provider name : bytebuddy
2023-10-06 20:27:27,153 INFO o.h.e.t.j.p.i.JtaPlatformInitiator [main] HHH000490: Using JtaPlatform implementation: [org.hibernate.engine.transaction.jta.platform.internal.NoJtaPlatform]
2023-10-06 20:27:27,204 INFO o.s.o.j.AbstractEntityManagerFactoryBean [main] Initialized JPA EntityManagerFactory for persistence unit 'default'
2023-10-06 20:27:27,787 WARN o.s.b.a.o.j.JpaBaseConfiguration$JpaWebConfiguration [main] spring.jpa.open-in-view is enabled by default. Therefore, database queries may be performed during view rendering. Explicitly configure spring.jpa.open-in-view to disable this warning
2023-10-06 20:27:28,262 INFO o.a.j.l.DirectJDKLog [main] Starting ProtocolHandler ["http-nio-8082"]
2023-10-06 20:27:28,295 INFO o.s.b.w.e.t.TomcatWebServer [main] Tomcat started on port(s): 8082 (http) with context path ''
2023-10-06 20:27:28,305 INFO o.s.b.StartupInfoLogger [main] Started CrudOperationsApplication in 4.429 seconds (process running for 5.079)
2023-10-06 20:27:32,131 INFO o.a.j.l.DirectJDKLog [http-nio-8082-exec-2] Initializing Spring DispatcherServlet 'dispatcherServlet'
2023-10-06 20:27:32,131 INFO o.s.w.s.FrameworkServlet [http-nio-8082-exec-2] Initializing Servlet 'dispatcherServlet'
2023-10-06 20:27:32,132 INFO o.s.w.s.FrameworkServlet [http-nio-8082-exec-2] Completed initialization in 1 ms
2023-10-06 20:27:32,227 INFO c.e.C.a.Logging [http-nio-8082-exec-2] //////////////////////////////////////////////////////////////////////////////////////////////////////
2023-10-06 20:27:32,228 INFO c.e.C.a.Logging [http-nio-8082-exec-2] ResponseEntity com.example.CRUDOperations.controller.EmpController.createEmp(Employee)Method execution Start
2023-10-06 20:27:32,229 INFO c.e.C.a.Logging [http-nio-8082-exec-2] //////////////////////////////////////////////////////////////////////////////////////////////////////
2023-10-06 20:27:32,229 INFO c.e.C.a.Logging [http-nio-8082-exec-2] Employee com.example.CRUDOperations.service.EmpService.addEmp(Employee)Method execution Start
2023-10-06 20:27:32,229 INFO c.e.C.a.Logging [http-nio-8082-exec-2] nulloccured
2023-10-06 20:27:32,230 INFO c.e.C.a.Logging [http-nio-8082-exec-2] Error Occuredoccured
2023-10-06 20:27:32,232 ERROR o.a.j.l.DirectJDKLog [http-nio-8082-exec-2] Servlet.service() for servlet [dispatcherServlet] in context with path [] threw exception [Request processing failed: java.lang.RuntimeException: Error Occured] with root cause
java.lang.RuntimeException: Error Occured
	at com.example.CRUDOperations.aop.Logging.globalLogging(Logging.java:86)
	at java.base/jdk.internal.reflect.NativeMethodAccessorImpl.invoke0(Native Method)
	at java.base/jdk.internal.reflect.NativeMethodAccessorImpl.invoke(NativeMethodAccessorImpl.java:77)
	at java.base/jdk.internal.reflect.DelegatingMethodAccessorImpl.invoke(DelegatingMethodAccessorImpl.java:43)
	at java.base/java.lang.reflect.Method.invoke(Method.java:568)
	at org.springframework.aop.aspectj.AbstractAspectJAdvice.invokeAdviceMethodWithGivenArgs(AbstractAspectJAdvice.java:637)
	at org.springframework.aop.aspectj.AbstractAspectJAdvice.invokeAdviceMethod(AbstractAspectJAdvice.java:627)
	at org.springframework.aop.aspectj.AspectJAroundAdvice.invoke(AspectJAroundAdvice.java:71)
	at org.springframework.aop.framework.ReflectiveMethodInvocation.proceed(ReflectiveMethodInvocation.java:184)
	at org.springframework.aop.framework.CglibAopProxy$CglibMethodInvocation.proceed(CglibAopProxy.java:756)
	at org.springframework.aop.interceptor.ExposeInvocationInterceptor.invoke(ExposeInvocationInterceptor.java:97)
	at org.springframework.aop.framework.ReflectiveMethodInvocation.proceed(ReflectiveMethodInvocation.java:184)
	at org.springframework.aop.framework.CglibAopProxy$CglibMethodInvocation.proceed(CglibAopProxy.java:756)
	at org.springframework.aop.framework.CglibAopProxy$DynamicAdvisedInterceptor.intercept(CglibAopProxy.java:708)
	at com.example.CRUDOperations.controller.EmpController$$SpringCGLIB$$0.createEmp(<generated>)
	at java.base/jdk.internal.reflect.NativeMethodAccessorImpl.invoke0(Native Method)
	at java.base/jdk.internal.reflect.NativeMethodAccessorImpl.invoke(NativeMethodAccessorImpl.java:77)
	at java.base/jdk.internal.reflect.DelegatingMethodAccessorImpl.invoke(DelegatingMethodAccessorImpl.java:43)
	at java.base/java.lang.reflect.Method.invoke(Method.java:568)
	at org.springframework.web.method.support.InvocableHandlerMethod.doInvoke(InvocableHandlerMethod.java:205)
	at org.springframework.web.method.support.InvocableHandlerMethod.invokeForRequest(InvocableHandlerMethod.java:150)
	at org.springframework.web.servlet.mvc.method.annotation.ServletInvocableHandlerMethod.invokeAndHandle(ServletInvocableHandlerMethod.java:118)
	at org.springframework.web.servlet.mvc.method.annotation.RequestMappingHandlerAdapter.invokeHandlerMethod(RequestMappingHandlerAdapter.java:884)
	at org.springframework.web.servlet.mvc.method.annotation.RequestMappingHandlerAdapter.handleInternal(RequestMappingHandlerAdapter.java:797)
	at org.springframework.web.servlet.mvc.method.AbstractHandlerMethodAdapter.handle(AbstractHandlerMethodAdapter.java:87)
	at org.springframework.web.servlet.DispatcherServlet.doDispatch(DispatcherServlet.java:1081)
	at org.springframework.web.servlet.DispatcherServlet.doService(DispatcherServlet.java:974)
	at org.springframework.web.servlet.FrameworkServlet.processRequest(FrameworkServlet.java:1011)
	at org.springframework.web.servlet.FrameworkServlet.doPost(FrameworkServlet.java:914)
	at jakarta.servlet.http.HttpServlet.service(HttpServlet.java:590)
	at org.springframework.web.servlet.FrameworkServlet.service(FrameworkServlet.java:885)
	at jakarta.servlet.http.HttpServlet.service(HttpServlet.java:658)
	at org.apache.catalina.core.ApplicationFilterChain.internalDoFilter(ApplicationFilterChain.java:205)
	at org.apache.catalina.core.ApplicationFilterChain.doFilter(ApplicationFilterChain.java:149)
	at org.apache.tomcat.websocket.server.WsFilter.doFilter(WsFilter.java:51)
	at org.apache.catalina.core.ApplicationFilterChain.internalDoFilter(ApplicationFilterChain.java:174)
	at org.apache.catalina.core.ApplicationFilterChain.doFilter(ApplicationFilterChain.java:149)
	at org.springframework.web.filter.RequestContextFilter.doFilterInternal(RequestContextFilter.java:100)
	at org.springframework.web.filter.OncePerRequestFilter.doFilter(OncePerRequestFilter.java:116)
	at org.apache.catalina.core.ApplicationFilterChain.internalDoFilter(ApplicationFilterChain.java:174)
	at org.apache.catalina.core.ApplicationFilterChain.doFilter(ApplicationFilterChain.java:149)
	at org.springframework.web.filter.FormContentFilter.doFilterInternal(FormContentFilter.java:93)
	at org.springframework.web.filter.OncePerRequestFilter.doFilter(OncePerRequestFilter.java:116)
	at org.apache.catalina.core.ApplicationFilterChain.internalDoFilter(ApplicationFilterChain.java:174)
	at org.apache.catalina.core.ApplicationFilterChain.doFilter(ApplicationFilterChain.java:149)
	at org.springframework.web.filter.CharacterEncodingFilter.doFilterInternal(CharacterEncodingFilter.java:201)
	at org.springframework.web.filter.OncePerRequestFilter.doFilter(OncePerRequestFilter.java:116)
	at org.apache.catalina.core.ApplicationFilterChain.internalDoFilter(ApplicationFilterChain.java:174)
	at org.apache.catalina.core.ApplicationFilterChain.doFilter(ApplicationFilterChain.java:149)
	at org.apache.catalina.core.StandardWrapperValve.invoke(StandardWrapperValve.java:166)
	at org.apache.catalina.core.StandardContextValve.invoke(StandardContextValve.java:90)
	at org.apache.catalina.authenticator.AuthenticatorBase.invoke(AuthenticatorBase.java:482)
	at org.apache.catalina.core.StandardHostValve.invoke(StandardHostValve.java:115)
	at org.apache.catalina.valves.ErrorReportValve.invoke(ErrorReportValve.java:93)
	at org.apache.catalina.core.StandardEngineValve.invoke(StandardEngineValve.java:74)
	at org.apache.catalina.connector.CoyoteAdapter.service(CoyoteAdapter.java:341)
	at org.apache.coyote.http11.Http11Processor.service(Http11Processor.java:391)
	at org.apache.coyote.AbstractProcessorLight.process(AbstractProcessorLight.java:63)
	at org.apache.coyote.AbstractProtocol$ConnectionHandler.process(AbstractProtocol.java:894)
	at org.apache.tomcat.util.net.NioEndpoint$SocketProcessor.doRun(NioEndpoint.java:1740)
	at org.apache.tomcat.util.net.SocketProcessorBase.run(SocketProcessorBase.java:52)
	at org.apache.tomcat.util.threads.ThreadPoolExecutor.runWorker(ThreadPoolExecutor.java:1191)
	at org.apache.tomcat.util.threads.ThreadPoolExecutor$Worker.run(ThreadPoolExecutor.java:659)
	at org.apache.tomcat.util.threads.TaskThread$WrappingRunnable.run(TaskThread.java:61)
	at java.base/java.lang.Thread.run(Thread.java:833)
2023-10-06 20:28:03,592 INFO o.s.o.j.AbstractEntityManagerFactoryBean [SpringApplicationShutdownHook] Closing JPA EntityManagerFactory for persistence unit 'default'
2023-10-06 20:28:03,594 INFO c.z.h.HikariDataSource [SpringApplicationShutdownHook] employee - Shutdown initiated...
2023-10-06 20:28:03,600 INFO c.z.h.HikariDataSource [SpringApplicationShutdownHook] employee - Shutdown completed.
2023-10-06 20:28:07,649 INFO o.s.b.StartupInfoLogger [main] Starting CrudOperationsApplication using Java 17.0.6 with PID 2488 (D:\interview\CRUDOperations\target\classes started by oliga in D:\interview\CRUDOperations)
2023-10-06 20:28:07,653 INFO o.s.b.SpringApplication [main] No active profile set, falling back to 1 default profile: "default"
2023-10-06 20:28:08,214 INFO o.s.d.r.c.RepositoryConfigurationDelegate [main] Bootstrapping Spring Data JPA repositories in DEFAULT mode.
2023-10-06 20:28:08,277 INFO o.s.d.r.c.RepositoryConfigurationDelegate [main] Finished Spring Data repository scanning in 55 ms. Found 2 JPA repository interfaces.
2023-10-06 20:28:08,879 INFO o.s.b.w.e.t.TomcatWebServer [main] Tomcat initialized with port(s): 8082 (http)
2023-10-06 20:28:08,886 INFO o.a.j.l.DirectJDKLog [main] Initializing ProtocolHandler ["http-nio-8082"]
2023-10-06 20:28:08,890 INFO o.a.j.l.DirectJDKLog [main] Starting service [Tomcat]
2023-10-06 20:28:08,890 INFO o.a.j.l.DirectJDKLog [main] Starting Servlet engine: [Apache Tomcat/10.1.12]
2023-10-06 20:28:08,982 INFO o.a.j.l.DirectJDKLog [main] Initializing Spring embedded WebApplicationContext
2023-10-06 20:28:08,984 INFO o.s.b.w.s.c.ServletWebServerApplicationContext [main] Root WebApplicationContext: initialization completed in 1285 ms
2023-10-06 20:28:09,160 INFO o.h.j.i.u.LogHelper [main] HHH000204: Processing PersistenceUnitInfo [name: default]
2023-10-06 20:28:09,232 INFO o.h.Version [main] HHH000412: Hibernate ORM core version 6.2.7.Final
2023-10-06 20:28:09,234 INFO o.h.c.Environment [main] HHH000406: Using bytecode reflection optimizer
2023-10-06 20:28:09,357 INFO o.h.b.i.BytecodeProviderInitiator [main] HHH000021: Bytecode provider name : bytebuddy
2023-10-06 20:28:09,461 INFO o.s.o.j.p.SpringPersistenceUnitInfo [main] No LoadTimeWeaver setup: ignoring JPA class transformer
2023-10-06 20:28:09,480 INFO c.z.h.HikariDataSource [main] employee - Starting...
2023-10-06 20:28:09,767 INFO c.z.h.p.HikariPool [main] employee - Added connection com.mysql.cj.jdbc.ConnectionImpl@350d26f3
2023-10-06 20:28:09,769 INFO c.z.h.HikariDataSource [main] employee - Start completed.
2023-10-06 20:28:09,819 WARN o.h.e.j.d.i.DialectFactoryImpl [main] HHH90000026: MySQL8Dialect has been deprecated; use org.hibernate.dialect.MySQLDialect instead
2023-10-06 20:28:10,038 INFO o.h.b.i.BytecodeProviderInitiator [main] HHH000021: Bytecode provider name : bytebuddy
2023-10-06 20:28:10,504 INFO o.h.e.t.j.p.i.JtaPlatformInitiator [main] HHH000490: Using JtaPlatform implementation: [org.hibernate.engine.transaction.jta.platform.internal.NoJtaPlatform]
2023-10-06 20:28:10,559 INFO o.s.o.j.AbstractEntityManagerFactoryBean [main] Initialized JPA EntityManagerFactory for persistence unit 'default'
2023-10-06 20:28:10,960 WARN o.s.b.a.o.j.JpaBaseConfiguration$JpaWebConfiguration [main] spring.jpa.open-in-view is enabled by default. Therefore, database queries may be performed during view rendering. Explicitly configure spring.jpa.open-in-view to disable this warning
2023-10-06 20:28:11,399 INFO o.a.j.l.DirectJDKLog [main] Starting ProtocolHandler ["http-nio-8082"]
2023-10-06 20:28:11,434 INFO o.s.b.w.e.t.TomcatWebServer [main] Tomcat started on port(s): 8082 (http) with context path ''
2023-10-06 20:28:11,445 INFO o.s.b.StartupInfoLogger [main] Started CrudOperationsApplication in 4.115 seconds (process running for 4.726)
2023-10-06 20:28:13,832 INFO o.a.j.l.DirectJDKLog [http-nio-8082-exec-2] Initializing Spring DispatcherServlet 'dispatcherServlet'
2023-10-06 20:28:13,832 INFO o.s.w.s.FrameworkServlet [http-nio-8082-exec-2] Initializing Servlet 'dispatcherServlet'
2023-10-06 20:28:13,833 INFO o.s.w.s.FrameworkServlet [http-nio-8082-exec-2] Completed initialization in 0 ms
